0 info it worked if it ends with ok
1 verbose cli [ '/usr/local/bin/node', '/usr/local/bin/npm', 'run', 'build' ]
2 info using npm@6.12.1
3 info using node@v13.1.0
4 verbose run-script [ 'prebuild', 'build', 'postbuild' ]
5 info lifecycle pop-ai-portal@0.1.0~prebuild: pop-ai-portal@0.1.0
6 info lifecycle pop-ai-portal@0.1.0~build: pop-ai-portal@0.1.0
7 verbose lifecycle pop-ai-portal@0.1.0~build: unsafe-perm in lifecycle true
8 verbose lifecycle pop-ai-portal@0.1.0~build: PATH: /usr/local/lib/node_modules/npm/node_modules/npm-lifecycle/node-gyp-bin:/Users/a1690669/Desktop/React/code-lab/POP-AI/node_modules/.bin:/usr/local/bin:/usr/bin:/bin:/usr/sbin:/sbin:/usr/local/sbin
9 verbose lifecycle pop-ai-portal@0.1.0~build: CWD: /Users/a1690669/Desktop/React/code-lab/POP-AI
10 silly lifecycle pop-ai-portal@0.1.0~build: Args: [ '-c', 'cross-env CLIENT_ENV=production craco build' ]
11 silly lifecycle pop-ai-portal@0.1.0~build: Returned: code: 1  signal: null
12 info lifecycle pop-ai-portal@0.1.0~build: Failed to exec build script
13 verbose stack Error: pop-ai-portal@0.1.0 build: `cross-env CLIENT_ENV=production craco build`
13 verbose stack Exit status 1
13 verbose stack     at EventEmitter.<anonymous> (/usr/local/lib/node_modules/npm/node_modules/npm-lifecycle/index.js:332:16)
13 verbose stack     at EventEmitter.emit (events.js:210:5)
13 verbose stack     at ChildProcess.<anonymous> (/usr/local/lib/node_modules/npm/node_modules/npm-lifecycle/lib/spawn.js:55:14)
13 verbose stack     at ChildProcess.emit (events.js:210:5)
13 verbose stack     at maybeClose (internal/child_process.js:1028:16)
13 verbose stack     at Process.ChildProcess._handle.onexit (internal/child_process.js:283:5)
14 verbose pkgid pop-ai-portal@0.1.0
15 verbose cwd /Users/a1690669/Desktop/React/code-lab/POP-AI
16 verbose Darwin 19.0.0
17 verbose argv "/usr/local/bin/node" "/usr/local/bin/npm" "run" "build"
18 verbose node v13.1.0
19 verbose npm  v6.12.1
20 error code ELIFECYCLE
21 error errno 1
22 error pop-ai-portal@0.1.0 build: `cross-env CLIENT_ENV=production craco build`
22 error Exit status 1
23 error Failed at the pop-ai-portal@0.1.0 build script.
23 error This is probably not a problem with npm. There is likely additional logging output above.
24 verbose exit [ 1, true ]
